==8641== Memcheck, a memory error detector
==8641== Copyright (C) 2002-2017, and GNU GPL'd, by Julian Seward et al.
==8641== Using Valgrind-3.13.0 and LibVEX; rerun with -h for copyright info
==8641== Command: ./a.out
==8641== Parent PID: 8632
==8641== 
==8641== 
==8641== HEAP SUMMARY:
==8641==     in use at exit: 400 bytes in 1 blocks
==8641==   total heap usage: 4 allocs, 3 frees, 8,996 bytes allocated
==8641== 
==8641== LEAK SUMMARY:
==8641==    definitely lost: 0 bytes in 0 blocks
==8641==    indirectly lost: 0 bytes in 0 blocks
==8641==      possibly lost: 0 bytes in 0 blocks
==8641==    still reachable: 400 bytes in 1 blocks
==8641==         suppressed: 0 bytes in 0 blocks
==8641== Rerun with --leak-check=full to see details of leaked memory
==8641== 
==8641== For counts of detected and suppressed errors, rerun with: -v
==8641== ERROR SUMMARY: 0 errors from 0 contexts (suppressed: 0 from 0)
